#
# A fatal error has been detected by the Java Runtime Environment:
#
#  SIGSEGV (0xb) at pc=0x00007fa1b8e47a3a, pid=11110, tid=140332079486720
#
# JRE version: Java(TM) SE Runtime Environment (8.0_20-b26) (build 1.8.0_20-b26)
# Java VM: Java HotSpot(TM) 64-Bit Server VM (25.20-b23 mixed mode linux-amd64 compressed oops)
# Problematic frame:
# V  [libjvm.so+0xa6ba3a]  interpretedVFrame::monitors() const+0x1ea
#
# Failed to write core dump. Core dumps have been disabled. To enable core dumping, try "ulimit -c unlimited" before starting Java again
#
# If you would like to submit a bug report, please visit:
#   http://bugreport.sun.com/bugreport/crash.jsp
#

---------------  T H R E A D  ---------------

Current thread (0x00007fa1b40bc800):  JavaThread "JDWP Transport Listener: dt_socket" daemon [_thread_in_vm, id=11129, stack(0x00007fa19baf9000,0x00007fa19bbfa000)]

siginfo: si_signo: 11 (SIGSEGV), si_code: 2 (SEGV_ACCERR), si_addr: 0x00007fa1b9e60ff0

Registers:
RAX=0x000000078271ecf0, RBX=0x00007fa16020fe70, RCX=0x00007fa1b9d56320, RDX=0x000000000000fb93
RSP=0x00007fa19bbf7e40, RBP=0x00007fa19bbf7f40, RSI=0x0000000000000000, RDI=0x0000000000000020
R8 =0x0000000000000000, R9 =0x0000000000330000, R10=0x00007fa16c000078, R11=0x000000006c000001
R12=0x0000000000000000, R13=0x00007fa16c3369c0, R14=0x00007fa16020f870, R15=0x00007fa1b9e60fe8
RIP=0x00007fa1b8e47a3a, EFLAGS=0x0000000000010246, CSGSFS=0x0000000000000033, ERR=0x0000000000000004
  TRAPNO=0x000000000000000e

Top of Stack: (sp=0x00007fa19bbf7e40)
0x00007fa19bbf7e40:   00007fa19bbf7e50 00007fa19bbf7e80
0x00007fa19bbf7e50:   00007fa1b9f5c938 00007fa1a336c665
0x00007fa19bbf7e60:   00007fa1a335e310 00007fa100000000
0x00007fa19bbf7e70:   00007fa1b9f5c978 00007fa1b9f5c938
0x00007fa19bbf7e80:   00007fa1b9f5c938 00007fa1a336c665
0x00007fa19bbf7e90:   00007fa1a335e310 00007fa100000000
0x00007fa19bbf7ea0:   00007fa1b9f5c978 00007fa1b9f5c938
0x00007fa19bbf7eb0:   00007fa1b9f5c938 00007fa1a336c665
0x00007fa19bbf7ec0:   00007fa1a335e310 00007fa100000000
0x00007fa19bbf7ed0:   00007fa1b9f5c978 00007fa1b9f5c938
0x00007fa19bbf7ee0:   00007fa1b9f5c938 00007fa1a336c665
0x00007fa19bbf7ef0:   00007fa1a335e310 00007fa100000000
0x00007fa19bbf7f00:   00007fa1b9f5c978 00007fa1b9f5c938
0x00007fa19bbf7f10:   00007fa1b40b1970 0000000000000000
0x00007fa19bbf7f20:   00007fa1b400e800 00007fa16c006e10
0x00007fa19bbf7f30:   00007fa1b92f11e0 00007fa1b40b5120
0x00007fa19bbf7f40:   00007fa19bbf8020 00007fa1b8b39476
0x00007fa19bbf7f50:   0000000000000000 0000000000000002
0x00007fa19bbf7f60:   0000000000000000 00007fa1b40bc800
0x00007fa19bbf7f70:   0000001400000000 0000000000000000
0x00007fa19bbf7f80:   00007fa1b40b0700 00000000000083b0
0x00007fa19bbf7f90:   00007fa1b40b5120 00007fa160217848
0x00007fa19bbf7fa0:   00007fa16020fe70 00007fa16020f860
0x00007fa19bbf7fb0:   00007fa1b4004910 00007fa1b40b5120
0x00007fa19bbf7fc0:   00007fa19bbf8020 00007fa1b8e0148b
0x00007fa19bbf7fd0:   00007fa1b9f5c938 00007fa1a336c665
0x00007fa19bbf7fe0:   00007fa1a335e310 00007fa100000000
0x00007fa19bbf7ff0:   00007fa1b9f5c978 0000000000000000
0x00007fa19bbf8000:   00007fa16020f870 00007fa1b40bc800
0x00007fa19bbf8010:   00007fa1b92f11e0 00007fa1b40b5120
0x00007fa19bbf8020:   00007fa19bbf86e0 00007fa1b8b3acbc
0x00007fa19bbf8030:   00007fa1b40bd5e0 00007fa19bbf8640 

Instructions: (pc=0x00007fa1b8e47a3a)
0x00007fa1b8e47a1a:   49 8b 46 30 48 89 85 68 ff ff ff e8 f6 91 b0 ff
0x00007fa1b8e47a2a:   49 39 c7 0f 82 dd 00 00 00 31 f6 bf 20 00 00 00
0x00007fa1b8e47a3a:   4d 8b 67 08 e8 bd f2 ef ff 48 85 c0 49 89 c5 74
0x00007fa1b8e47a4a:   17 4c 89 20 48 c7 40 10 00 00 00 00 4c 89 78 08 

Register to memory mapping:

RAX=0x000000078271ecf0 is an oop
java.lang.Error 
 - klass: 'java/lang/Error'
RBX=0x00007fa16020fe70 is an unknown value
RCX=0x00007fa1b9d56320: <offset 0x219320> in /lib/x86_64-linux-gnu/libpthread.so.0 at 0x00007fa1b9b3d000
RDX=0x000000000000fb93 is an unknown value
RSP=0x00007fa19bbf7e40 is pointing into the stack for thread: 0x00007fa1b40bc800
RBP=0x00007fa19bbf7f40 is pointing into the stack for thread: 0x00007fa1b40bc800
RSI=0x0000000000000000 is an unknown value
RDI=0x0000000000000020 is an unknown value
R8 =0x0000000000000000 is an unknown value
R9 =0x0000000000330000 is an unknown value
R10=0x00007fa16c000078 is an unknown value
R11=0x000000006c000001 is an unknown value
R12=0x0000000000000000 is an unknown value
R13=0x00007fa16c3369c0 is an unknown value
R14=0x00007fa16020f870 is an unknown value
R15=0x00007fa1b9e60fe8 is pointing into the stack for thread: 0x00007fa1b400e800


Stack: [0x00007fa19baf9000,0x00007fa19bbfa000],  sp=0x00007fa19bbf7e40,  free space=1019k
Native frames: (J=compiled Java code, j=interpreted, Vv=VM code, C=native code)
V  [libjvm.so+0xa6ba3a]  interpretedVFrame::monitors() const+0x1ea
V  [libjvm.so+0x75d476]  JvmtiEnvBase::get_locked_objects_in_frame(JavaThread*, JavaThread*, javaVFrame*, GrowableArray<_jvmtiMonitorStackDepthInfo*>*, int)+0x86
V  [libjvm.so+0x75ecbc]  JvmtiEnvBase::get_owned_monitors(JavaThread*, JavaThread*, GrowableArray<_jvmtiMonitorStackDepthInfo*>*)+0x10c
V  [libjvm.so+0x753110]  JvmtiEnv::GetOwnedMonitorInfo(JavaThread*, int*, _jobject***)+0xe0
V  [libjvm.so+0x714ff9]  jvmti_GetOwnedMonitorInfo+0x2f9
C  [libjdwp.so+0xa330]  ownedMonitors+0xd0
C  [libjdwp.so+0x11976]  debugLoop_run+0x2b6
C  [libjdwp.so+0x247af]  attachThread+0x2f
V  [libjvm.so+0x7744f2]  JvmtiAgentThread::call_start_function()+0xc2
V  [libjvm.so+0xa2990f]  JavaThread::thread_main_inner()+0xdf
V  [libjvm.so+0xa29a3c]  JavaThread::run()+0x11c
V  [libjvm.so+0x8e75f8]  java_start(Thread*)+0x108
C  [libpthread.so.0+0x8182]  start_thread+0xc2


---------------  P R O C E S S  ---------------

Java Threads: ( => current thread )
  0x00007fa1b41c7000 JavaThread "ReaderThread" [_thread_in_native, id=11141, stack(0x00007fa19af99000,0x00007fa19b09a000)]
  0x00007fa1b40d4800 JavaThread "Service Thread" daemon [_thread_blocked, id=11138, stack(0x00007fa19b4f3000,0x00007fa19b5f4000)]
  0x00007fa1b40c7000 JavaThread "C1 CompilerThread2" daemon [_thread_blocked, id=11137, stack(0x00007fa19b5f4000,0x00007fa19b6f5000)]
  0x00007fa1b40c5000 JavaThread "C2 CompilerThread1" daemon [_thread_blocked, id=11136, stack(0x00007fa19b6f5000,0x00007fa19b7f6000)]
  0x00007fa1b40c2800 JavaThread "C2 CompilerThread0" daemon [_thread_blocked, id=11135, stack(0x00007fa19b7f6000,0x00007fa19b8f7000)]
  0x00007fa16c001000 JavaThread "JDWP Command Reader" daemon [_thread_in_native, id=11132, stack(0x00007fa19b8f7000,0x00007fa19b9f8000)]
  0x00007fa1b40c0000 JavaThread "JDWP Event Helper Thread" daemon [_thread_blocked, id=11131, stack(0x00007fa19b9f8000,0x00007fa19baf9000)]
=>0x00007fa1b40bc800 JavaThread "JDWP Transport Listener: dt_socket" daemon [_thread_in_vm, id=11129, stack(0x00007fa19baf9000,0x00007fa19bbfa000)]
  0x00007fa1b40af000 JavaThread "Signal Dispatcher" daemon [_thread_blocked, id=11127, stack(0x00007fa19bdfe000,0x00007fa19beff000)]
  0x00007fa1b4081000 JavaThread "Finalizer" daemon [_thread_blocked, id=11125, stack(0x00007fa19beff000,0x00007fa19c000000)]
  0x00007fa1b407e800 JavaThread "Reference Handler" daemon [_thread_blocked, id=11124, stack(0x00007fa1a00a6000,0x00007fa1a01a7000)]
  0x00007fa1b400e800 JavaThread "main" [_thread_blocked, id=11117, stack(0x00007fa1b9e5e000,0x00007fa1b9f5f000)]

Other Threads:
  0x00007fa1b4077800 VMThread [stack: 0x00007fa1a01a7000,0x00007fa1a02a8000] [id=11123]
  0x00007fa1b40d7000 WatcherThread [stack: 0x00007fa19b3f2000,0x00007fa19b4f3000] [id=11139]

VM state:not at safepoint (normal execution)

VM Mutex/Monitor currently owned by a thread: None

Heap:
 PSYoungGen      total 56320K, used 8755K [0x0000000781f80000, 0x0000000785e00000, 0x00000007c0000000)
  eden space 48640K, 18% used [0x0000000781f80000,0x000000078280ce38,0x0000000784f00000)
  from space 7680K, 0% used [0x0000000785680000,0x0000000785680000,0x0000000785e00000)
  to   space 7680K, 0% used [0x0000000784f00000,0x0000000784f00000,0x0000000785680000)
 ParOldGen       total 128512K, used 0K [0x0000000705e00000, 0x000000070db80000, 0x0000000781f80000)
  object space 128512K, 0% used [0x0000000705e00000,0x0000000705e00000,0x000000070db80000)
 Metaspace       used 4182K, capacity 4916K, committed 5120K, reserved 1056768K
  class space    used 475K, capacity 496K, committed 512K, reserved 1048576K

Card table byte_map: [0x00007fa1a29c7000,0x00007fa1a2f99000] byte_map_base: 0x00007fa19f198000

Marking Bits: (ParMarkBitMap*) 0x00007fa1b9333ac0
 Begin Bits: [0x00007fa1822f0000, 0x00007fa185178000)
 End Bits:   [0x00007fa185178000, 0x00007fa188000000)

Polling page: 0x00007fa1b9f7a000

CodeCache: size=245760Kb used=1655Kb max_used=1655Kb free=244104Kb
 bounds [0x00007fa1a3359000, 0x00007fa1a35c9000, 0x00007fa1b2359000]
 total_blobs=475 nmethods=213 adapters=185
 compilation: enabled

Compilation events (10 events):
Event: 0.221 Thread 0x00007fa1b40c7000  210       3       sun.net.www.protocol.file.Handler::parseURL (18 bytes)
Event: 0.221 Thread 0x00007fa1b40c7000 nmethod 210 0x00007fa1a34e1c10 code [0x00007fa1a34e1d80, 0x00007fa1a34e1ff8]
Event: 0.221 Thread 0x00007fa1b40c7000  211       3       java.net.URLStreamHandler::parseURL (1158 bytes)
Event: 0.222 Thread 0x00007fa1b40c5000  213       4       java.lang.CharacterData::of (120 bytes)
Event: 0.223 Thread 0x00007fa1b40c5000 nmethod 213 0x00007fa1a34e2f10 code [0x00007fa1a34e3120, 0x00007fa1a34e3218]
Event: 0.229 Thread 0x00007fa1b40c7000 nmethod 211 0x00007fa1a34e3310 code [0x00007fa1a34e3ea0, 0x00007fa1a34ed9d8]
Event: 0.229 Thread 0x00007fa1b40c7000  212       3       java.lang.String::substring (56 bytes)
Event: 0.229 Thread 0x00007fa1b40c7000 nmethod 212 0x00007fa1a34e2790 code [0x00007fa1a34e2940, 0x00007fa1a34e2d28]
Event: 0.229 Thread 0x00007fa1b40c7000  209   !   3       sun.misc.URLClassPath$FileLoader::getResource (164 bytes)
Event: 0.231 Thread 0x00007fa1b40c7000 nmethod 209 0x00007fa1a34f4990 code [0x00007fa1a34f4d20, 0x00007fa1a34f6a38]

GC Heap History (0 events):
No events

Deoptimization events (0 events):
No events

Internal exceptions (10 events):
Event: 0.219 Thread 0x00007fa1b400e800 Exception <a 'java/security/PrivilegedActionException'> (0x00000007826da468) thrown at [/HUDSON/workspace/8-2-build-linux-amd64/jdk8u20/1074/hotspot/src/share/vm/prims/jvm.cpp, line 1275]
Event: 0.219 Thread 0x00007fa1b400e800 Exception <a 'java/security/PrivilegedActionException'> (0x00000007826de1c0) thrown at [/HUDSON/workspace/8-2-build-linux-amd64/jdk8u20/1074/hotspot/src/share/vm/prims/jvm.cpp, line 1275]
Event: 0.220 Thread 0x00007fa1b400e800 Exception <a 'java/security/PrivilegedActionException'> (0x00000007826e3178) thrown at [/HUDSON/workspace/8-2-build-linux-amd64/jdk8u20/1074/hotspot/src/share/vm/prims/jvm.cpp, line 1275]
Event: 0.220 Thread 0x00007fa1b400e800 Exception <a 'java/security/PrivilegedActionException'> (0x00000007826e7d40) thrown at [/HUDSON/workspace/8-2-build-linux-amd64/jdk8u20/1074/hotspot/src/share/vm/prims/jvm.cpp, line 1275]
Event: 0.221 Thread 0x00007fa1b400e800 Exception <a 'java/security/PrivilegedActionException'> (0x00000007826fc340) thrown at [/HUDSON/workspace/8-2-build-linux-amd64/jdk8u20/1074/hotspot/src/share/vm/prims/jvm.cpp, line 1275]
Event: 0.221 Thread 0x00007fa1b400e800 Exception <a 'java/security/PrivilegedActionException'> (0x0000000782702900) thrown at [/HUDSON/workspace/8-2-build-linux-amd64/jdk8u20/1074/hotspot/src/share/vm/prims/jvm.cpp, line 1275]
Event: 0.222 Thread 0x00007fa1b400e800 Exception <a 'java/security/PrivilegedActionException'> (0x0000000782707e80) thrown at [/HUDSON/workspace/8-2-build-linux-amd64/jdk8u20/1074/hotspot/src/share/vm/prims/jvm.cpp, line 1275]
Event: 0.222 Thread 0x00007fa1b400e800 Exception <a 'java/security/PrivilegedActionException'> (0x000000078270e800) thrown at [/HUDSON/workspace/8-2-build-linux-amd64/jdk8u20/1074/hotspot/src/share/vm/prims/jvm.cpp, line 1275]
Event: 0.222 Thread 0x00007fa1b400e800 Exception <a 'java/security/PrivilegedActionException'> (0x0000000782713d80) thrown at [/HUDSON/workspace/8-2-build-linux-amd64/jdk8u20/1074/hotspot/src/share/vm/prims/jvm.cpp, line 1275]
Event: 0.223 Thread 0x00007fa1b400e800 Exception <a 'java/security/PrivilegedActionException'> (0x000000078271a1f8) thrown at [/HUDSON/workspace/8-2-build-linux-amd64/jdk8u20/1074/hotspot/src/share/vm/prims/jvm.cpp, line 1275]

Events (10 events):
Event: 4.131 Executing VM operation: EnableBiasedLocking
Event: 4.131 Executing VM operation: EnableBiasedLocking done
Event: 34.806 Executing VM operation: GetCurrentLocation
Event: 34.806 Executing VM operation: GetCurrentLocation done
Event: 34.806 Executing VM operation: EnterInterpOnlyMode
Event: 34.806 Executing VM operation: EnterInterpOnlyMode done
Event: 34.806 Executing VM operation: ChangeSingleStep
Event: 34.806 Executing VM operation: ChangeSingleStep done
Event: 34.806 Executing VM operation: ChangeSingleStep
Event: 34.806 Executing VM operation: ChangeSingleStep done


Dynamic libraries:
00400000-00401000 r-xp 00000000 08:04 11141513                           /media/shiba/backup/develop/libraries/jdk1.8.0_20/bin/java
00600000-00601000 rw-p 00000000 08:04 11141513                           /media/shiba/backup/develop/libraries/jdk1.8.0_20/bin/java
02028000-02049000 rw-p 00000000 00:00 0                                  [heap]
705e00000-70db80000 rw-p 00000000 00:00 0 
70db80000-781f80000 ---p 00000000 00:00 0 
781f80000-785e00000 rw-p 00000000 00:00 0 
785e00000-7c0000000 ---p 00000000 00:00 0 
7c0000000-7c0080000 rw-p 00000000 00:00 0 
7c0080000-800000000 ---p 00000000 00:00 0 
7fa14c000000-7fa14c021000 rw-p 00000000 00:00 0 
7fa14c021000-7fa150000000 ---p 00000000 00:00 0 
7fa154000000-7fa154021000 rw-p 00000000 00:00 0 
7fa154021000-7fa158000000 ---p 00000000 00:00 0 
7fa158000000-7fa158021000 rw-p 00000000 00:00 0 
7fa158021000-7fa15c000000 ---p 00000000 00:00 0 
7fa15c000000-7fa15c0ab000 rw-p 00000000 00:00 0 
7fa15c0ab000-7fa160000000 ---p 00000000 00:00 0 
7fa160000000-7fa16021d000 rw-p 00000000 00:00 0 
7fa16021d000-7fa164000000 ---p 00000000 00:00 0 
7fa164000000-7fa164021000 rw-p 00000000 00:00 0 
7fa164021000-7fa168000000 ---p 00000000 00:00 0 
7fa168000000-7fa16809a000 rw-p 00000000 00:00 0 
7fa16809a000-7fa16c000000 ---p 00000000 00:00 0 
7fa16c000000-7fa16c5c4000 rw-p 00000000 00:00 0 
7fa16c5c4000-7fa170000000 ---p 00000000 00:00 0 
7fa170000000-7fa170021000 rw-p 00000000 00:00 0 
7fa170021000-7fa174000000 ---p 00000000 00:00 0 
7fa174000000-7fa174021000 rw-p 00000000 00:00 0 
7fa174021000-7fa178000000 ---p 00000000 00:00 0 
7fa178000000-7fa178021000 rw-p 00000000 00:00 0 
7fa178021000-7fa17c000000 ---p 00000000 00:00 0 
7fa17c000000-7fa17c021000 rw-p 00000000 00:00 0 
7fa17c021000-7fa180000000 ---p 00000000 00:00 0 
7fa1822f0000-7fa188000000 rw-p 00000000 00:00 0 
7fa188000000-7fa188021000 rw-p 00000000 00:00 0 
7fa188021000-7fa18c000000 ---p 00000000 00:00 0 
7fa18c000000-7fa18c021000 rw-p 00000000 00:00 0 
7fa18c021000-7fa190000000 ---p 00000000 00:00 0 
7fa190000000-7fa190021000 rw-p 00000000 00:00 0 
7fa190021000-7fa194000000 ---p 00000000 00:00 0 
7fa194000000-7fa194021000 rw-p 00000000 00:00 0 
7fa194021000-7fa198000000 ---p 00000000 00:00 0 
7fa19af99000-7fa19af9c000 ---p 00000000 00:00 0 
7fa19af9c000-7fa19b0cb000 rw-p 00000000 00:00 0                          [stack:11141]
7fa19b0cb000-7fa19b0e1000 r-xp 00000000 08:04 11143160                   /media/shiba/backup/develop/libraries/jdk1.8.0_20/jre/lib/amd64/libnet.so
7fa19b0e1000-7fa19b2e1000 ---p 00016000 08:04 11143160                   /media/shiba/backup/develop/libraries/jdk1.8.0_20/jre/lib/amd64/libnet.so
7fa19b2e1000-7fa19b2e2000 rw-p 00016000 08:04 11143160                   /media/shiba/backup/develop/libraries/jdk1.8.0_20/jre/lib/amd64/libnet.so
7fa19b2e2000-7fa19b3f2000 r--s 00c0c000 08:06 3292293                    /home/shiba/.m2/repository/org/elasticsearch/elasticsearch/1.3.4/elasticsearch-1.3.4.jar
7fa19b3f2000-7fa19b3f3000 ---p 00000000 00:00 0 
7fa19b3f3000-7fa19b4f3000 rw-p 00000000 00:00 0                          [stack:11139]
7fa19b4f3000-7fa19b4f6000 ---p 00000000 00:00 0 
7fa19b4f6000-7fa19b5f4000 rw-p 00000000 00:00 0                          [stack:11138]
7fa19b5f4000-7fa19b5f7000 ---p 00000000 00:00 0 
7fa19b5f7000-7fa19b6f5000 rw-p 00000000 00:00 0                          [stack:11137]
7fa19b6f5000-7fa19b6f8000 ---p 00000000 00:00 0 
7fa19b6f8000-7fa19b7f6000 rw-p 00000000 00:00 0                          [stack:11136]
7fa19b7f6000-7fa19b7f9000 ---p 00000000 00:00 0 
7fa19b7f9000-7fa19b8f7000 rw-p 00000000 00:00 0                          [stack:11135]
7fa19b8f7000-7fa19b8fa000 ---p 00000000 00:00 0 
7fa19b8fa000-7fa19b9f8000 rw-p 00000000 00:00 0                          [stack:11132]
7fa19b9f8000-7fa19b9fb000 ---p 00000000 00:00 0 
7fa19b9fb000-7fa19baf9000 rw-p 00000000 00:00 0                          [stack:11131]
7fa19baf9000-7fa19bafc000 ---p 00000000 00:00 0 
7fa19bafc000-7fa19bbfa000 rw-p 00000000 00:00 0                          [stack:11129]
7fa19bbfa000-7fa19bbfe000 r-xp 00000000 08:04 11143129                   /media/shiba/backup/develop/libraries/jdk1.8.0_20/jre/lib/amd64/libdt_socket.so
7fa19bbfe000-7fa19bdfd000 ---p 00004000 08:04 11143129                   /media/shiba/backup/develop/libraries/jdk1.8.0_20/jre/lib/amd64/libdt_socket.so
7fa19bdfd000-7fa19bdfe000 rw-p 00003000 08:04 11143129                   /media/shiba/backup/develop/libraries/jdk1.8.0_20/jre/lib/amd64/libdt_socket.so
7fa19bdfe000-7fa19be01000 ---p 00000000 00:00 0 
7fa19be01000-7fa19beff000 rw-p 00000000 00:00 0                          [stack:11127]
7fa19beff000-7fa19bf02000 ---p 00000000 00:00 0 
7fa19bf02000-7fa19c000000 rw-p 00000000 00:00 0                          [stack:11125]
7fa19c000000-7fa19c021000 rw-p 00000000 00:00 0 
7fa19c021000-7fa1a0000000 ---p 00000000 00:00 0 
7fa1a0026000-7fa1a0029000 rw-p 00000000 00:00 0 
7fa1a0029000-7fa1a002b000 r--s 00008000 08:06 3292031                    /home/shiba/.m2/repository/org/ow2/asm/asm-commons/4.1/asm-commons-4.1.jar
7fa1a002b000-7fa1a002e000 r--s 00026000 08:06 3292025                    /home/shiba/.m2/repository/org/antlr/antlr-runtime/3.5/antlr-runtime-3.5.jar
7fa1a002e000-7fa1a0030000 r--s 00017000 08:06 2635817                    /home/shiba/.m2/repository/com/spatial4j/spatial4j/0.4.1/spatial4j-0.4.1.jar
7fa1a0030000-7fa1a0033000 r--s 00018000 08:06 3292332                    /home/shiba/.m2/repository/org/apache/lucene/lucene-spatial/4.9.1/lucene-spatial-4.9.1.jar
7fa1a0033000-7fa1a0036000 r--s 00018000 08:06 3292329                    /home/shiba/.m2/repository/org/apache/lucene/lucene-grouping/4.9.1/lucene-grouping-4.9.1.jar
7fa1a0036000-7fa1a0038000 r--s 0000e000 08:06 3292326                    /home/shiba/.m2/repository/org/apache/lucene/lucene-join/4.9.1/lucene-join-4.9.1.jar
7fa1a0038000-7fa1a003b000 r--s 00015000 08:06 3292323                    /home/shiba/.m2/repository/org/apache/lucene/lucene-misc/4.9.1/lucene-misc-4.9.1.jar
7fa1a003b000-7fa1a003e000 r--s 00029000 08:06 3292320                    /home/shiba/.m2/repository/org/apache/lucene/lucene-suggest/4.9.1/lucene-suggest-4.9.1.jar
7fa1a003e000-7fa1a0041000 r--s 00017000 08:06 3292317                    /home/shiba/.m2/repository/org/apache/lucene/lucene-sandbox/4.9.1/lucene-sandbox-4.9.1.jar
7fa1a0041000-7fa1a004a000 r--s 00057000 08:06 3292314                    /home/shiba/.m2/repository/org/apache/lucene/lucene-queryparser/4.9.1/lucene-queryparser-4.9.1.jar
7fa1a004a000-7fa1a004d000 r--s 0001f000 08:06 3292311                    /home/shiba/.m2/repository/org/apache/lucene/lucene-highlighter/4.9.1/lucene-highlighter-4.9.1.jar
7fa1a004d000-7fa1a0055000 r--s 0005e000 08:06 3292302                    /home/shiba/.m2/repository/org/apache/lucene/lucene-codecs/4.9.1/lucene-codecs-4.9.1.jar
7fa1a0055000-7fa1a007f000 r--s 0023b000 08:06 3292296                    /home/shiba/.m2/repository/org/apache/lucene/lucene-core/4.9.1/lucene-core-4.9.1.jar
7fa1a007f000-7fa1a00a6000 rw-p 00000000 00:00 0 
7fa1a00a6000-7fa1a00a9000 ---p 00000000 00:00 0 
7fa1a00a9000-7fa1a01a7000 rw-p 00000000 00:00 0                          [stack:11124]
7fa1a01a7000-7fa1a01a8000 ---p 00000000 00:00 0 
7fa1a01a8000-7fa1a123b000 rw-p 00000000 00:00 0                          [stack:11123]
7fa1a123b000-7fa1a1411000 r--s 03ca8000 08:04 11142962                   /media/shiba/backup/develop/libraries/jdk1.8.0_20/jre/lib/rt.jar
7fa1a1411000-7fa1a1891000 rw-p 00000000 00:00 0 
7fa1a1891000-7fa1a1c11000 ---p 00000000 00:00 0 
7fa1a1c11000-7fa1a21e2000 rw-p 00000000 00:00 0 
7fa1a21e2000-7fa1a21e3000 ---p 00000000 00:00 0 
7fa1a21e3000-7fa1a22e3000 rw-p 00000000 00:00 0                          [stack:11122]
7fa1a22e3000-7fa1a22e4000 ---p 00000000 00:00 0 
7fa1a22e4000-7fa1a23e4000 rw-p 00000000 00:00 0                          [stack:11121]
7fa1a23e4000-7fa1a23e5000 ---p 00000000 00:00 0 
7fa1a23e5000-7fa1a24e5000 rw-p 00000000 00:00 0                          [stack:11120]
7fa1a24e5000-7fa1a24e6000 ---p 00000000 00:00 0 
7fa1a24e6000-7fa1a2625000 rw-p 00000000 00:00 0                          [stack:11119]
7fa1a2625000-7fa1a29c7000 ---p 00000000 00:00 0 
7fa1a29c7000-7fa1a2a06000 rw-p 00000000 00:00 0 
7fa1a2a06000-7fa1a2da7000 ---p 00000000 00:00 0 
7fa1a2da7000-7fa1a2dc7000 rw-p 00000000 00:00 0 
7fa1a2dc7000-7fa1a2f98000 ---p 00000000 00:00 0 
7fa1a2f98000-7fa1a2fa3000 rw-p 00000000 00:00 0 
7fa1a2fa3000-7fa1a3359000 ---p 00000000 00:00 0 
7fa1a3359000-7fa1a35c9000 rwxp 00000000 00:00 0 
7fa1a35c9000-7fa1b2359000 ---p 00000000 00:00 0 
7fa1b2359000-7fa1b2373000 r-xp 00000000 08:04 11143156                   /media/shiba/backup/develop/libraries/jdk1.8.0_20/jre/lib/amd64/libzip.so
7fa1b2373000-7fa1b2573000 ---p 0001a000 08:04 11143156                   /media/shiba/backup/develop/libraries/jdk1.8.0_20/jre/lib/amd64/libzip.so
7fa1b2573000-7fa1b2574000 rw-p 0001a000 08:04 11143156                   /media/shiba/backup/develop/libraries/jdk1.8.0_20/jre/lib/amd64/libzip.so
7fa1b2574000-7fa1b257f000 r-xp 00000000 08:06 138426                     /lib/x86_64-linux-gnu/libnss_files-2.19.so
7fa1b257f000-7fa1b277e000 ---p 0000b000 08:06 138426                     /lib/x86_64-linux-gnu/libnss_files-2.19.so
7fa1b277e000-7fa1b277f000 r--p 0000a000 08:06 138426                     /lib/x86_64-linux-gnu/libnss_files-2.19.so
7fa1b277f000-7fa1b2780000 rw-p 0000b000 08:06 138426                     /lib/x86_64-linux-gnu/libnss_files-2.19.so
7fa1b2780000-7fa1b278b000 r-xp 00000000 08:06 138427                     /lib/x86_64-linux-gnu/libnss_nis-2.19.so
7fa1b278b000-7fa1b298a000 ---p 0000b000 08:06 138427                     /lib/x86_64-linux-gnu/libnss_nis-2.19.so
7fa1b298a000-7fa1b298b000 r--p 0000a000 08:06 138427                     /lib/x86_64-linux-gnu/libnss_nis-2.19.so
7fa1b298b000-7fa1b298c000 rw-p 0000b000 08:06 138427                     /lib/x86_64-linux-gnu/libnss_nis-2.19.so
7fa1b298c000-7fa1b29a3000 r-xp 00000000 08:06 131173                     /lib/x86_64-linux-gnu/libnsl-2.19.so
7fa1b29a3000-7fa1b2ba2000 ---p 00017000 08:06 131173                     /lib/x86_64-linux-gnu/libnsl-2.19.so
7fa1b2ba2000-7fa1b2ba3000 r--p 00016000 08:06 131173                     /lib/x86_64-linux-gnu/libnsl-2.19.so
7fa1b2ba3000-7fa1b2ba4000 rw-p 00017000 08:06 131173                     /lib/x86_64-linux-gnu/libnsl-2.19.so
7fa1b2ba4000-7fa1b2ba6000 rw-p 00000000 00:00 0 
7fa1b2ba6000-7fa1b2baf000 r-xp 00000000 08:06 131170                     /lib/x86_64-linux-gnu/libnss_compat-2.19.so
7fa1b2baf000-7fa1b2dae000 ---p 00009000 08:06 131170                     /lib/x86_64-linux-gnu/libnss_compat-2.19.so
7fa1b2dae000-7fa1b2daf000 r--p 00008000 08:06 131170                     /lib/x86_64-linux-gnu/libnss_compat-2.19.so
7fa1b2daf000-7fa1b2db0000 rw-p 00009000 08:06 131170                     /lib/x86_64-linux-gnu/libnss_compat-2.19.so
7fa1b2db0000-7fa1b3580000 r--p 00000000 08:06 925372                     /usr/lib/locale/locale-archive
7fa1b3580000-7fa1b3582000 r-xp 00000000 08:04 11143130                   /media/shiba/backup/develop/libraries/jdk1.8.0_20/jre/lib/amd64/libnpt.so
7fa1b3582000-7fa1b3782000 ---p 00002000 08:04 11143130                   /media/shiba/backup/develop/libraries/jdk1.8.0_20/jre/lib/amd64/libnpt.so
7fa1b3782000-7fa1b3783000 rw-p 00002000 08:04 11143130                   /media/shiba/backup/develop/libraries/jdk1.8.0_20/jre/lib/amd64/libnpt.so
7fa1b3783000-7fa1b37bc000 r-xp 00000000 08:04 11143147                   /media/shiba/backup/develop/libraries/jdk1.8.0_20/jre/lib/amd64/libjdwp.so
7fa1b37bc000-7fa1b39bb000 ---p 00039000 08:04 11143147                   /media/shiba/backup/develop/libraries/jdk1.8.0_20/jre/lib/amd64/libjdwp.so
7fa1b39bb000-7fa1b39bd000 rw-p 00038000 08:04 11143147                   /media/shiba/backup/develop/libraries/jdk1.8.0_20/jre/lib/amd64/libjdwp.so
7fa1b39bd000-7fa1b39e7000 r-xp 00000000 08:04 11143151                   /media/shiba/backup/develop/libraries/jdk1.8.0_20/jre/lib/amd64/libjava.so
7fa1b39e7000-7fa1b3be7000 ---p 0002a000 08:04 11143151                   /media/shiba/backup/develop/libraries/jdk1.8.0_20/jre/lib/amd64/libjava.so
7fa1b3be7000-7fa1b3be9000 rw-p 0002a000 08:04 11143151                   /media/shiba/backup/develop/libraries/jdk1.8.0_20/jre/lib/amd64/libjava.so
7fa1b3be9000-7fa1b3bf6000 r-xp 00000000 08:04 11143155                   /media/shiba/backup/develop/libraries/jdk1.8.0_20/jre/lib/amd64/libverify.so
7fa1b3bf6000-7fa1b3df6000 ---p 0000d000 08:04 11143155                   /media/shiba/backup/develop/libraries/jdk1.8.0_20/jre/lib/amd64/libverify.so
7fa1b3df6000-7fa1b3df8000 rw-p 0000d000 08:04 11143155                   /media/shiba/backup/develop/libraries/jdk1.8.0_20/jre/lib/amd64/libverify.so
7fa1b3df8000-7fa1b3dff000 r-xp 00000000 08:06 138415                     /lib/x86_64-linux-gnu/librt-2.19.so
7fa1b3dff000-7fa1b3ffe000 ---p 00007000 08:06 138415                     /lib/x86_64-linux-gnu/librt-2.19.so
7fa1b3ffe000-7fa1b3fff000 r--p 00006000 08:06 138415                     /lib/x86_64-linux-gnu/librt-2.19.so
7fa1b3fff000-7fa1b4000000 rw-p 00007000 08:06 138415                     /lib/x86_64-linux-gnu/librt-2.19.so
7fa1b4000000-7fa1b44b8000 rw-p 00000000 00:00 0 
7fa1b44b8000-7fa1b8000000 ---p 00000000 00:00 0 
7fa1b8000000-7fa1b8011000 r--s 0018c000 08:06 3292299                    /home/shiba/.m2/repository/org/apache/lucene/lucene-analyzers-common/4.9.1/lucene-analyzers-common-4.9.1.jar
7fa1b8011000-7fa1b80d6000 rw-p 00000000 00:00 0 
7fa1b80d6000-7fa1b81db000 r-xp 00000000 08:06 138422                     /lib/x86_64-linux-gnu/libm-2.19.so
7fa1b81db000-7fa1b83da000 ---p 00105000 08:06 138422                     /lib/x86_64-linux-gnu/libm-2.19.so
7fa1b83da000-7fa1b83db000 r--p 00104000 08:06 138422                     /lib/x86_64-linux-gnu/libm-2.19.so
7fa1b83db000-7fa1b83dc000 rw-p 00105000 08:06 138422                     /lib/x86_64-linux-gnu/libm-2.19.so
7fa1b83dc000-7fa1b9046000 r-xp 00000000 08:04 11143137                   /media/shiba/backup/develop/libraries/jdk1.8.0_20/jre/lib/amd64/server/libjvm.so
7fa1b9046000-7fa1b9245000 ---p 00c6a000 08:04 11143137                   /media/shiba/backup/develop/libraries/jdk1.8.0_20/jre/lib/amd64/server/libjvm.so
7fa1b9245000-7fa1b931c000 rw-p 00c69000 08:04 11143137                   /media/shiba/backup/develop/libraries/jdk1.8.0_20/jre/lib/amd64/server/libjvm.so
7fa1b931c000-7fa1b935e000 rw-p 00000000 00:00 0 
7fa1b935e000-7fa1b9519000 r-xp 00000000 08:06 138419                     /lib/x86_64-linux-gnu/libc-2.19.so
7fa1b9519000-7fa1b9719000 ---p 001bb000 08:06 138419                     /lib/x86_64-linux-gnu/libc-2.19.so
7fa1b9719000-7fa1b971d000 r--p 001bb000 08:06 138419                     /lib/x86_64-linux-gnu/libc-2.19.so
7fa1b971d000-7fa1b971f000 rw-p 001bf000 08:06 138419                     /lib/x86_64-linux-gnu/libc-2.19.so
7fa1b971f000-7fa1b9724000 rw-p 00000000 00:00 0 
7fa1b9724000-7fa1b9727000 r-xp 00000000 08:06 148507                     /lib/x86_64-linux-gnu/libdl-2.19.so
7fa1b9727000-7fa1b9926000 ---p 00003000 08:06 148507                     /lib/x86_64-linux-gnu/libdl-2.19.so
7fa1b9926000-7fa1b9927000 r--p 00002000 08:06 148507                     /lib/x86_64-linux-gnu/libdl-2.19.so
7fa1b9927000-7fa1b9928000 rw-p 00003000 08:06 148507                     /lib/x86_64-linux-gnu/libdl-2.19.so
7fa1b9928000-7fa1b993d000 r-xp 00000000 08:04 11142761                   /media/shiba/backup/develop/libraries/jdk1.8.0_20/lib/amd64/jli/libjli.so
7fa1b993d000-7fa1b9b3c000 ---p 00015000 08:04 11142761                   /media/shiba/backup/develop/libraries/jdk1.8.0_20/lib/amd64/jli/libjli.so
7fa1b9b3c000-7fa1b9b3d000 rw-p 00014000 08:04 11142761                   /media/shiba/backup/develop/libraries/jdk1.8.0_20/lib/amd64/jli/libjli.so
7fa1b9b3d000-7fa1b9b56000 r-xp 00000000 08:06 148508                     /lib/x86_64-linux-gnu/libpthread-2.19.so
7fa1b9b56000-7fa1b9d55000 ---p 00019000 08:06 148508                     /lib/x86_64-linux-gnu/libpthread-2.19.so
7fa1b9d55000-7fa1b9d56000 r--p 00018000 08:06 148508                     /lib/x86_64-linux-gnu/libpthread-2.19.so
7fa1b9d56000-7fa1b9d57000 rw-p 00019000 08:06 148508                     /lib/x86_64-linux-gnu/libpthread-2.19.so
7fa1b9d57000-7fa1b9d5b000 rw-p 00000000 00:00 0 
7fa1b9d5b000-7fa1b9d7e000 r-xp 00000000 08:06 138420                     /lib/x86_64-linux-gnu/ld-2.19.so
7fa1b9d7e000-7fa1b9d7f000 r--s 0000b000 08:06 3292028                    /home/shiba/.m2/repository/org/ow2/asm/asm/4.1/asm-4.1.jar
7fa1b9d7f000-7fa1b9e5e000 rw-p 00000000 00:00 0 
7fa1b9e5e000-7fa1b9e61000 ---p 00000000 00:00 0 
7fa1b9e61000-7fa1b9f63000 rw-p 00000000 00:00 0                          [stack:11117]
7fa1b9f63000-7fa1b9f64000 r--s 00008000 08:06 3292308                    /home/shiba/.m2/repository/org/apache/lucene/lucene-memory/4.9.1/lucene-memory-4.9.1.jar
7fa1b9f64000-7fa1b9f69000 r--s 0002f000 08:06 3292305                    /home/shiba/.m2/repository/org/apache/lucene/lucene-queries/4.9.1/lucene-queries-4.9.1.jar
7fa1b9f69000-7fa1b9f6b000 r--s 00009000 08:06 3277911                    /home/shiba/.m2/repository/org/hamcrest/hamcrest-core/1.3/hamcrest-core-1.3.jar
7fa1b9f6b000-7fa1b9f71000 r--s 00036000 08:06 3277909                    /home/shiba/.m2/repository/junit/junit/4.11/junit-4.11.jar
7fa1b9f71000-7fa1b9f79000 rw-s 00000000 08:06 4196460                    /tmp/hsperfdata_shiba/11110
7fa1b9f79000-7fa1b9f7a000 rw-p 00000000 00:00 0 
7fa1b9f7a000-7fa1b9f7b000 r--p 00000000 00:00 0 
7fa1b9f7b000-7fa1b9f7d000 rw-p 00000000 00:00 0 
7fa1b9f7d000-7fa1b9f7e000 r--p 00022000 08:06 138420                     /lib/x86_64-linux-gnu/ld-2.19.so
7fa1b9f7e000-7fa1b9f7f000 rw-p 00023000 08:06 138420                     /lib/x86_64-linux-gnu/ld-2.19.so
7fa1b9f7f000-7fa1b9f80000 rw-p 00000000 00:00 0 
7fffc61a5000-7fffc61c7000 rw-p 00000000 00:00 0                          [stack]
7fffc61fe000-7fffc6200000 r-xp 00000000 00:00 0                          [vdso]
ffffffffff600000-ffffffffff601000 r-xp 00000000 00:00 0                  [vsyscall]

VM Arguments:
jvm_args: -agentlib:jdwp=transport=dt_socket,suspend=y,address=localhost:43951 -Dfile.encoding=UTF-8 
java_command: org.eclipse.jdt.internal.junit.runner.RemoteTestRunner -version 3 -port 55033 -testLoaderClass org.eclipse.jdt.internal.junit4.runner.JUnit4TestLoader -loaderpluginname org.eclipse.jdt.junit4.runtime -test com.sample.Sample:test
java_class_path (initial): /media/shiba/backup/develop/gitFolder/elasticsearchSample/elasticsearchAPI/target/test-classes:/media/shiba/backup/develop/gitFolder/elasticsearchSample/elasticsearchAPI/target/classes:/home/shiba/.m2/repository/junit/junit/4.11/junit-4.11.jar:/home/shiba/.m2/repository/org/hamcrest/hamcrest-core/1.3/hamcrest-core-1.3.jar:/home/shiba/.m2/repository/org/elasticsearch/elasticsearch/1.3.4/elasticsearch-1.3.4.jar:/home/shiba/.m2/repository/org/apache/lucene/lucene-core/4.9.1/lucene-core-4.9.1.jar:/home/shiba/.m2/repository/org/apache/lucene/lucene-analyzers-common/4.9.1/lucene-analyzers-common-4.9.1.jar:/home/shiba/.m2/repository/org/apache/lucene/lucene-codecs/4.9.1/lucene-codecs-4.9.1.jar:/home/shiba/.m2/repository/org/apache/lucene/lucene-queries/4.9.1/lucene-queries-4.9.1.jar:/home/shiba/.m2/repository/org/apache/lucene/lucene-memory/4.9.1/lucene-memory-4.9.1.jar:/home/shiba/.m2/repository/org/apache/lucene/lucene-highlighter/4.9.1/lucene-highlighter-4.9.1.jar:/home/shiba/.m2/repository/org/apache/lucene/lucene-queryparser/4.9.1/lucene-queryparser-4.9.1.jar:/home/shiba/.m2/repository/org/apache/lucene/lucene-sandbox/4.9.1/lucene-sandbox-4.9.1.jar:/home/shiba/.m2/repository/org/apache/lucene/lucene-suggest/4.9.1/lucene-suggest-4.9.1.jar:/home/shiba/.m2/repository/org/apache/lucene/lucene-misc/4.9.1/lucene-misc-4.9.1.jar:/home/shiba/.m2/repository/org/apache/lucene/lucene-join/4.9.1/lucene-join-4.9.1.jar:/home/shiba/.m2/repository/org/apache/lucene/lucene-grouping/4.9.1/lucene-grouping-4.9.1.jar:/home/shiba/.m2/repository/org/apache/lucene/lucene-spatial/4.9.1/lucene-spatial-4.9.1.jar:/home/shiba/.m2/repository/com/spatial4j/spatial4j/0.4.1/spatial4j-0.4.1.jar:/home/shiba/.m2/repository/org/antlr/antlr-runtime/3.5/antlr-runtime-3.5.jar:/home/shiba/.m2/repository/org/ow2/asm/asm/4.1/asm-4.1.jar:/home/shiba/.m2/repository/org/ow2/asm/asm-commons/4.1/asm-commons-4.1.jar:/media/shiba/backup/develop/eclipse/eclipse-luna/configuration/org.eclips
Launcher Type: SUN_STANDARD

Environment Variables:
PATH=/home/shiba/.nvm/v0.10.28/bin:/usr/local/sbin:/usr/local/bin:/usr/sbin:/usr/bin:/sbin:/bin:/usr/games:/usr/local/games
SHELL=/bin/bash
DISPLAY=:0

Signal Handlers:
SIGSEGV: [libjvm.so+0xa77530], sa_mask[0]=11111111011111111101111111111110, sa_flags=SA_RESTART|SA_SIGINFO
SIGBUS: [libjvm.so+0xa77530], sa_mask[0]=11111111011111111101111111111110, sa_flags=SA_RESTART|SA_SIGINFO
SIGFPE: [libjvm.so+0x8e1d90], sa_mask[0]=11111111011111111101111111111110, sa_flags=SA_RESTART|SA_SIGINFO
SIGPIPE: [libjvm.so+0x8e1d90], sa_mask[0]=11111111011111111101111111111110, sa_flags=SA_RESTART|SA_SIGINFO
SIGXFSZ: [libjvm.so+0x8e1d90], sa_mask[0]=11111111011111111101111111111110, sa_flags=SA_RESTART|SA_SIGINFO
SIGILL: [libjvm.so+0x8e1d90], sa_mask[0]=11111111011111111101111111111110, sa_flags=SA_RESTART|SA_SIGINFO
SIGUSR1: SIG_DFL, sa_mask[0]=00000000000000000000000000000000, sa_flags=none
SIGUSR2: [libjvm.so+0x8e35c0], sa_mask[0]=00100000000000000000000000000000, sa_flags=SA_RESTART|SA_SIGINFO
SIGHUP: [libjvm.so+0x8e4980], sa_mask[0]=11111111011111111101111111111110, sa_flags=SA_RESTART|SA_SIGINFO
SIGINT: [libjvm.so+0x8e4980], sa_mask[0]=11111111011111111101111111111110, sa_flags=SA_RESTART|SA_SIGINFO
SIGTERM: [libjvm.so+0x8e4980], sa_mask[0]=11111111011111111101111111111110, sa_flags=SA_RESTART|SA_SIGINFO
SIGQUIT: [libjvm.so+0x8e4980], sa_mask[0]=11111111011111111101111111111110, sa_flags=SA_RESTART|SA_SIGINFO


---------------  S Y S T E M  ---------------

OS:DISTRIB_ID=Ubuntu
DISTRIB_RELEASE=14.04
DISTRIB_CODENAME=trusty
DISTRIB_DESCRIPTION="Ubuntu 14.04.1 LTS"

uname:Linux 3.13.0-37-generic #64-Ubuntu SMP Mon Sep 22 21:28:38 UTC 2014 x86_64
libc:glibc 2.19 NPTL 2.19 
rlimit: STACK 8192k, CORE 0k, NPROC 95063, NOFILE 4096, AS infinity
load average:0.08 0.13 0.20

/proc/meminfo:
MemTotal:       12189720 kB
MemFree:         6303596 kB
Buffers:          391500 kB
Cached:          2381684 kB
SwapCached:            0 kB
Active:          3825684 kB
Inactive:        1597344 kB
Active(anon):    2653084 kB
Inactive(anon):   404148 kB
Active(file):    1172600 kB
Inactive(file):  1193196 kB
Unevictable:         192 kB
Mlocked:             192 kB
SwapTotal:       4075516 kB
SwapFree:        4075516 kB
Dirty:                40 kB
Writeback:             0 kB
AnonPages:       2649808 kB
Mapped:           406224 kB
Shmem:            407396 kB
Slab:             291700 kB
SReclaimable:     253636 kB
SUnreclaim:        38064 kB
KernelStack:        5496 kB
PageTables:        45824 kB
NFS_Unstable:          0 kB
Bounce:                0 kB
WritebackTmp:          0 kB
CommitLimit:    10170376 kB
Committed_AS:    7743928 kB
VmallocTotal:   34359738367 kB
VmallocUsed:      373084 kB
VmallocChunk:   34359352408 kB
HardwareCorrupted:     0 kB
AnonHugePages:   1521664 kB
HugePages_Total:       0
HugePages_Free:        0
HugePages_Rsvd:        0
HugePages_Surp:        0
Hugepagesize:       2048 kB
DirectMap4k:       86972 kB
DirectMap2M:    12380160 kB


CPU:total 4 (4 cores per cpu, 1 threads per core) family 6 model 58 stepping 9, cmov, cx8, fxsr, mmx, sse, sse2, sse3, ssse3, sse4.1, sse4.2, popcnt, avx, aes, clmul, erms, tsc, tscinvbit, tscinv

/proc/cpuinfo:
processor	: 0
vendor_id	: GenuineIntel
cpu family	: 6
model		: 58
model name	: Intel(R) Core(TM) i5-3470 CPU @ 3.20GHz
stepping	: 9
microcode	: 0x16
cpu MHz		: 3201.000
cache size	: 6144 KB
physical id	: 0
siblings	: 4
core id		: 0
cpu cores	: 4
apicid		: 0
initial apicid	: 0
fpu		: yes
fpu_exception	: yes
cpuid level	: 13
wp		: yes
flags		: fpu vme de pse tsc msr pae mce cx8 apic sep mtrr pge mca cmov pat pse36 clflush dts acpi mmx fxsr sse sse2 ss ht tm pbe syscall nx rdtscp lm constant_tsc arch_perfmon pebs bts rep_good nopl xtopology nonstop_tsc aperfmperf eagerfpu pni pclmulqdq dtes64 monitor ds_cpl vmx smx est tm2 ssse3 cx16 xtpr pdcm pcid sse4_1 sse4_2 x2apic popcnt tsc_deadline_timer aes xsave avx f16c rdrand lahf_lm ida arat epb xsaveopt pln pts dtherm tpr_shadow vnmi flexpriority ept vpid fsgsbase smep erms
bogomips	: 6385.40
clflush size	: 64
cache_alignment	: 64
address sizes	: 36 bits physical, 48 bits virtual
power management:

processor	: 1
vendor_id	: GenuineIntel
cpu family	: 6
model		: 58
model name	: Intel(R) Core(TM) i5-3470 CPU @ 3.20GHz
stepping	: 9
microcode	: 0x16
cpu MHz		: 2400.000
cache size	: 6144 KB
physical id	: 0
siblings	: 4
core id		: 1
cpu cores	: 4
apicid		: 2
initial apicid	: 2
fpu		: yes
fpu_exception	: yes
cpuid level	: 13
wp		: yes
flags		: fpu vme de pse tsc msr pae mce cx8 apic sep mtrr pge mca cmov pat pse36 clflush dts acpi mmx fxsr sse sse2 ss ht tm pbe syscall nx rdtscp lm constant_tsc arch_perfmon pebs bts rep_good nopl xtopology nonstop_tsc aperfmperf eagerfpu pni pclmulqdq dtes64 monitor ds_cpl vmx smx est tm2 ssse3 cx16 xtpr pdcm pcid sse4_1 sse4_2 x2apic popcnt tsc_deadline_timer aes xsave avx f16c rdrand lahf_lm ida arat epb xsaveopt pln pts dtherm tpr_shadow vnmi flexpriority ept vpid fsgsbase smep erms
bogomips	: 6385.40
clflush size	: 64
cache_alignment	: 64
address sizes	: 36 bits physical, 48 bits virtual
power management:

processor	: 2
vendor_id	: GenuineIntel
cpu family	: 6
model		: 58
model name	: Intel(R) Core(TM) i5-3470 CPU @ 3.20GHz
stepping	: 9
microcode	: 0x16
cpu MHz		: 1600.000
cache size	: 6144 KB
physical id	: 0
siblings	: 4
core id		: 2
cpu cores	: 4
apicid		: 4
initial apicid	: 4
fpu		: yes
fpu_exception	: yes
cpuid level	: 13
wp		: yes
flags		: fpu vme de pse tsc msr pae mce cx8 apic sep mtrr pge mca cmov pat pse36 clflush dts acpi mmx fxsr sse sse2 ss ht tm pbe syscall nx rdtscp lm constant_tsc arch_perfmon pebs bts rep_good nopl xtopology nonstop_tsc aperfmperf eagerfpu pni pclmulqdq dtes64 monitor ds_cpl vmx smx est tm2 ssse3 cx16 xtpr pdcm pcid sse4_1 sse4_2 x2apic popcnt tsc_deadline_timer aes xsave avx f16c rdrand lahf_lm ida arat epb xsaveopt pln pts dtherm tpr_shadow vnmi flexpriority ept vpid fsgsbase smep erms
bogomips	: 6385.40
clflush size	: 64
cache_alignment	: 64
address sizes	: 36 bits physical, 48 bits virtual
power management:

processor	: 3
vendor_id	: GenuineIntel
cpu family	: 6
model		: 58
model name	: Intel(R) Core(TM) i5-3470 CPU @ 3.20GHz
stepping	: 9
microcode	: 0x16
cpu MHz		: 3201.000
cache size	: 6144 KB
physical id	: 0
siblings	: 4
core id		: 3
cpu cores	: 4
apicid		: 6
initial apicid	: 6
fpu		: yes
fpu_exception	: yes
cpuid level	: 13
wp		: yes
flags		: fpu vme de pse tsc msr pae mce cx8 apic sep mtrr pge mca cmov pat pse36 clflush dts acpi mmx fxsr sse sse2 ss ht tm pbe syscall nx rdtscp lm constant_tsc arch_perfmon pebs bts rep_good nopl xtopology nonstop_tsc aperfmperf eagerfpu pni pclmulqdq dtes64 monitor ds_cpl vmx smx est tm2 ssse3 cx16 xtpr pdcm pcid sse4_1 sse4_2 x2apic popcnt tsc_deadline_timer aes xsave avx f16c rdrand lahf_lm ida arat epb xsaveopt pln pts dtherm tpr_shadow vnmi flexpriority ept vpid fsgsbase smep erms
bogomips	: 6385.40
clflush size	: 64
cache_alignment	: 64
address sizes	: 36 bits physical, 48 bits virtual
power management:



Memory: 4k page, physical 12189720k(6303596k free), swap 4075516k(4075516k free)

vm_info: Java HotSpot(TM) 64-Bit Server VM (25.20-b23) for linux-amd64 JRE (1.8.0_20-b26), built on Jul 30 2014 13:13:52 by "java_re" with gcc 4.3.0 20080428 (Red Hat 4.3.0-8)

time: Wed Oct 22 11:35:15 2014
elapsed time: 34 seconds (0d 0h 0m 34s)

